android_native/app/build/intermediates/manifest_merge_blame_file/release/processReleaseMainManifest/manifest-merger-blame-release-report.txt
1<?xml version="1.0" encoding="utf-8"?>
2<manifest xmlns:android="http://schemas.android.com/apk/res/android"
3    package="de.sudarshanfitness.app"
4    android:versionCode="201"
5    android:versionName="2.0.1" >
6
7    <uses-sdk
8        android:minSdkVersion="21"
9        android:targetSdkVersion="36" />
10
11    <uses-permission android:name="android.permission.INTERNET" />
11-->src/main/AndroidManifest.xml:5:5-67
11-->src/main/AndroidManifest.xml:5:22-64
12    <uses-permission android:name="android.permission.ACCESS_NETWORK_STATE" />
12-->src/main/AndroidManifest.xml:6:5-79
12-->src/main/AndroidManifest.xml:6:22-76
13    <uses-permission android:name="android.permission.CAMERA" />
13-->src/main/AndroidManifest.xml:7:5-65
13-->src/main/AndroidManifest.xml:7:22-62
14    <uses-permission android:name="android.permission.RECORD_AUDIO" />
14-->src/main/AndroidManifest.xml:8:5-71
14-->src/main/AndroidManifest.xml:8:22-68
15    <uses-permission android:name="android.permission.MODIFY_AUDIO_SETTINGS" />
15-->src/main/AndroidManifest.xml:9:5-80
15-->src/main/AndroidManifest.xml:9:22-77
16    <uses-permission android:name="android.permission.ACCESS_FINE_LOCATION" />
16-->src/main/AndroidManifest.xml:10:5-79
16-->src/main/AndroidManifest.xml:10:22-76
17    <uses-permission android:name="android.permission.ACCESS_COARSE_LOCATION" />
17-->src/main/AndroidManifest.xml:11:5-81
17-->src/main/AndroidManifest.xml:11:22-78
18    <uses-permission android:name="android.permission.READ_MEDIA_IMAGES" />
18-->src/main/AndroidManifest.xml:12:5-76
18-->src/main/AndroidManifest.xml:12:22-73
19    <uses-permission android:name="android.permission.POST_NOTIFICATIONS" />
19-->src/main/AndroidManifest.xml:13:5-77
19-->src/main/AndroidManifest.xml:13:22-74
20
21    <uses-feature
21-->src/main/AndroidManifest.xml:15:5-85
22        android:name="android.hardware.camera"
22-->src/main/AndroidManifest.xml:15:19-57
23        android:required="false" />
23-->src/main/AndroidManifest.xml:15:58-82
24    <uses-feature
24-->src/main/AndroidManifest.xml:16:5-95
25        android:name="android.hardware.camera.autofocus"
25-->src/main/AndroidManifest.xml:16:19-67
26        android:required="false" />
26-->src/main/AndroidManifest.xml:16:68-92
27
28    <permission
28-->[androidx.core:core:1.13.0] AndroidManifest.xml:22:5-24:47
29        android:name="de.sudarshanfitness.app.DYNAMIC_RECEIVER_NOT_EXPORTED_PERMISSION"
29-->[androidx.core:core:1.13.0] AndroidManifest.xml:23:9-81
30        android:protectionLevel="signature" />
30-->[androidx.core:core:1.13.0] AndroidManifest.xml:24:9-44
31
32    <uses-permission android:name="de.sudarshanfitness.app.DYNAMIC_RECEIVER_NOT_EXPORTED_PERMISSION" />
32-->[androidx.core:core:1.13.0] AndroidManifest.xml:26:5-97
32-->[androidx.core:core:1.13.0] AndroidManifest.xml:26:22-94
33
34    <application
34-->src/main/AndroidManifest.xml:18:5-57:19
35        android:allowBackup="true"
35-->src/main/AndroidManifest.xml:19:9-35
36        android:appComponentFactory="androidx.core.app.CoreComponentFactory"
36-->[androidx.core:core:1.13.0] AndroidManifest.xml:28:18-86
37        android:dataExtractionRules="@xml/data_extraction_rules"
37-->src/main/AndroidManifest.xml:20:9-65
38        android:extractNativeLibs="true"
39        android:fullBackupContent="@xml/backup_rules"
39-->src/main/AndroidManifest.xml:21:9-54
40        android:hardwareAccelerated="true"
40-->src/main/AndroidManifest.xml:22:9-43
41        android:icon="@mipmap/ic_launcher"
41-->src/main/AndroidManifest.xml:24:9-43
42        android:label="@string/app_name"
42-->src/main/AndroidManifest.xml:25:9-41
43        android:largeHeap="true"
43-->src/main/AndroidManifest.xml:23:9-33
44        android:roundIcon="@mipmap/ic_launcher"
44-->src/main/AndroidManifest.xml:26:9-48
45        android:supportsRtl="true"
45-->src/main/AndroidManifest.xml:27:9-35
46        android:theme="@style/Theme.SudarshanFitness"
46-->src/main/AndroidManifest.xml:28:9-54
47        android:usesCleartextTraffic="true" >
47-->src/main/AndroidManifest.xml:29:9-44
48        <activity
48-->src/main/AndroidManifest.xml:31:9-46:20
49            android:name="de.sudarshanfitness.app.MainActivity"
49-->src/main/AndroidManifest.xml:32:13-41
50            android:configChanges="orientation|screenSize|keyboardHidden"
50-->src/main/AndroidManifest.xml:33:13-74
51            android:exported="true"
51-->src/main/AndroidManifest.xml:34:13-36
52            android:windowSoftInputMode="adjustResize" >
52-->src/main/AndroidManifest.xml:35:13-55
53            <intent-filter>
53-->src/main/AndroidManifest.xml:36:13-39:29
54                <action android:name="android.intent.action.MAIN" />
54-->src/main/AndroidManifest.xml:37:17-69
54-->src/main/AndroidManifest.xml:37:25-66
55
56                <category android:name="android.intent.category.LAUNCHER" />
56-->src/main/AndroidManifest.xml:38:17-77
56-->src/main/AndroidManifest.xml:38:27-74
57            </intent-filter>
58            <intent-filter android:autoVerify="true" >
58-->src/main/AndroidManifest.xml:40:13-45:29
58-->src/main/AndroidManifest.xml:40:28-53
59                <action android:name="android.intent.action.VIEW" />
59-->src/main/AndroidManifest.xml:41:17-69
59-->src/main/AndroidManifest.xml:41:25-66
60
61                <category android:name="android.intent.category.DEFAULT" />
61-->src/main/AndroidManifest.xml:42:17-76
61-->src/main/AndroidManifest.xml:42:27-73
62                <category android:name="android.intent.category.BROWSABLE" />
62-->src/main/AndroidManifest.xml:43:17-78
62-->src/main/AndroidManifest.xml:43:27-75
63
64                <data
64-->src/main/AndroidManifest.xml:44:17-83
65                    android:host="sudarshanfitness.de"
65-->src/main/AndroidManifest.xml:44:46-80
66                    android:scheme="https" />
66-->src/main/AndroidManifest.xml:44:23-45
67            </intent-filter>
68        </activity>
69
70        <provider
70-->src/main/AndroidManifest.xml:48:9-56:20
71            android:name="androidx.core.content.FileProvider"
71-->src/main/AndroidManifest.xml:49:13-62
72            android:authorities="de.sudarshanfitness.app.fileprovider"
72-->src/main/AndroidManifest.xml:50:13-71
73            android:exported="false"
73-->src/main/AndroidManifest.xml:51:13-37
74            android:grantUriPermissions="true" >
74-->src/main/AndroidManifest.xml:52:13-47
75            <meta-data
75-->src/main/AndroidManifest.xml:53:13-55:54
76                android:name="android.support.FILE_PROVIDER_PATHS"
76-->src/main/AndroidManifest.xml:54:17-67
77                android:resource="@xml/file_paths" />
77-->src/main/AndroidManifest.xml:55:17-51
78        </provider>
79        <provider
79-->[androidx.emoji2:emoji2:1.3.0] AndroidManifest.xml:24:9-32:20
80            android:name="androidx.startup.InitializationProvider"
80-->[androidx.emoji2:emoji2:1.3.0] AndroidManifest.xml:25:13-67
81            android:authorities="de.sudarshanfitness.app.androidx-startup"
81-->[androidx.emoji2:emoji2:1.3.0] AndroidManifest.xml:26:13-68
82            android:exported="false" >
82-->[androidx.emoji2:emoji2:1.3.0] AndroidManifest.xml:27:13-37
83            <meta-data
83-->[androidx.emoji2:emoji2:1.3.0] AndroidManifest.xml:29:13-31:52
84                android:name="androidx.emoji2.text.EmojiCompatInitializer"
84-->[androidx.emoji2:emoji2:1.3.0] AndroidManifest.xml:30:17-75
85                android:value="androidx.startup" />
85-->[androidx.emoji2:emoji2:1.3.0] AndroidManifest.xml:31:17-49
86            <meta-data
86-->[androidx.lifecycle:lifecycle-process:2.6.2] AndroidManifest.xml:29:13-31:52
87                android:name="androidx.lifecycle.ProcessLifecycleInitializer"
87-->[androidx.lifecycle:lifecycle-process:2.6.2] AndroidManifest.xml:30:17-78
88                android:value="androidx.startup" />
88-->[androidx.lifecycle:lifecycle-process:2.6.2] AndroidManifest.xml:31:17-49
89            <meta-data
89-->[androidx.profileinstaller:profileinstaller:1.4.0] AndroidManifest.xml:29:13-31:52
90                android:name="androidx.profileinstaller.ProfileInstallerInitializer"
90-->[androidx.profileinstaller:profileinstaller:1.4.0] AndroidManifest.xml:30:17-85
91                android:value="androidx.startup" />
91-->[androidx.profileinstaller:profileinstaller:1.4.0] AndroidManifest.xml:31:17-49
92        </provider>
93
94        <receiver
94-->[androidx.profileinstaller:profileinstaller:1.4.0] AndroidManifest.xml:34:9-52:20
95            android:name="androidx.profileinstaller.ProfileInstallReceiver"
95-->[androidx.profileinstaller:profileinstaller:1.4.0] AndroidManifest.xml:35:13-76
96            android:directBootAware="false"
96-->[androidx.profileinstaller:profileinstaller:1.4.0] AndroidManifest.xml:36:13-44
97            android:enabled="true"
97-->[androidx.profileinstaller:profileinstaller:1.4.0] AndroidManifest.xml:37:13-35
98            android:exported="true"
98-->[androidx.profileinstaller:profileinstaller:1.4.0] AndroidManifest.xml:38:13-36
99            android:permission="android.permission.DUMP" >
99-->[androidx.profileinstaller:profileinstaller:1.4.0] AndroidManifest.xml:39:13-57
100            <intent-filter>
100-->[androidx.profileinstaller:profileinstaller:1.4.0] AndroidManifest.xml:40:13-42:29
101                <action android:name="androidx.profileinstaller.action.INSTALL_PROFILE" />
101-->[androidx.profileinstaller:profileinstaller:1.4.0] AndroidManifest.xml:41:17-91
101-->[androidx.profileinstaller:profileinstaller:1.4.0] AndroidManifest.xml:41:25-88
102            </intent-filter>
103            <intent-filter>
103-->[androidx.profileinstaller:profileinstaller:1.4.0] AndroidManifest.xml:43:13-45:29
104                <action android:name="androidx.profileinstaller.action.SKIP_FILE" />
104-->[androidx.profileinstaller:profileinstaller:1.4.0] AndroidManifest.xml:44:17-85
104-->[androidx.profileinstaller:profileinstaller:1.4.0] AndroidManifest.xml:44:25-82
105            </intent-filter>
106            <intent-filter>
106-->[androidx.profileinstaller:profileinstaller:1.4.0] AndroidManifest.xml:46:13-48:29
107                <action android:name="androidx.profileinstaller.action.SAVE_PROFILE" />
107-->[androidx.profileinstaller:profileinstaller:1.4.0] AndroidManifest.xml:47:17-88
107-->[androidx.profileinstaller:profileinstaller:1.4.0] AndroidManifest.xml:47:25-85
108            </intent-filter>
109            <intent-filter>
109-->[androidx.profileinstaller:profileinstaller:1.4.0] AndroidManifest.xml:49:13-51:29
110                <action android:name="androidx.profileinstaller.action.BENCHMARK_OPERATION" />
110-->[androidx.profileinstaller:profileinstaller:1.4.0] AndroidManifest.xml:50:17-95
110-->[androidx.profileinstaller:profileinstaller:1.4.0] AndroidManifest.xml:50:25-92
111            </intent-filter>
112        </receiver>
113    </application>
114
115</manifest>